<?xml version="1.0" encoding="UTF-8"?>
<!-- Generated by org.testng.reporters.JUnitReportReporter -->
<testsuite hostname="Smita" failures="0" tests="2" name="runner.RunCuke" time="25.871" errors="0" timestamp="2023-02-05T11:17:55 CET" skipped="0">
  <testcase classname="runner.RunCuke" name="runScenario" time="12.767"/>
  <system-out/>
  <testcase classname="runner.RunCuke" name="runScenario" time="13.104"/>
  <system-out/>
</testsuite> <!-- runner.RunCuke -->
